


ARM Macro Assembler    Page 1 


    1 00000000 00000020 
                       Stack_Size
                               EQU              0x00000020  ; 32 B of STACK
    2 00000000         
    3 00000000                 AREA             STACK, NOINIT, READWRITE, ALIGN
=4
    4 00000000         Stack_Mem
                               SPACE            Stack_Size
    5 00000020         __initial_sp
    6 00000020         
    7 00000020         
    8 00000020 00000020 
                       Heap_Size
                               EQU              0x00000020  ; 32 B of HEAP
    9 00000020         
   10 00000020                 AREA             HEAP, NOINIT, READWRITE, ALIGN=
4
   11 00000000         __heap_base
   12 00000000         Heap_Mem
                               SPACE            Heap_Size
   13 00000020         __heap_limit
   14 00000020         
   15 00000020         
   16 00000020         ; Vector Table Mapped to Address 0 at Reset
   17 00000020         
   18 00000020                 PRESERVE8
   19 00000020                 THUMB
   20 00000020         
   21 00000020                 AREA             RESET, DATA, READONLY
   22 00000000                 EXPORT           __Vectors
   23 00000000         
   24 00000000 0000FFFC 
                       __Vectors
                               DCD              0x0000FFFC
   25 00000004 00000000        DCD              Reset_Handler
   26 00000008 00000000        DCD              0
   27 0000000C 00000000        DCD              0
   28 00000010 00000000        DCD              0
   29 00000014 00000000        DCD              0
   30 00000018 00000000        DCD              0
   31 0000001C 00000000        DCD              0
   32 00000020 00000000        DCD              0
   33 00000024 00000000        DCD              0
   34 00000028 00000000        DCD              0
   35 0000002C 00000000        DCD              0
   36 00000030 00000000        DCD              0
   37 00000034 00000000        DCD              0
   38 00000038 00000000        DCD              0
   39 0000003C 00000000        DCD              0
   40 00000040         
   41 00000040         ; External Interrupts
   42 00000040         
   43 00000040 00000000        DCD              0
   44 00000044 00000000        DCD              0           ;  !! UART_Handler
   45 00000048 00000000        DCD              0
   46 0000004C 00000000        DCD              0
   47 00000050 00000000        DCD              0
   48 00000054 00000000        DCD              0
   49 00000058 00000000        DCD              0



ARM Macro Assembler    Page 2 


   50 0000005C 00000000        DCD              0
   51 00000060 00000000        DCD              0
   52 00000064 00000000        DCD              0
   53 00000068 00000000        DCD              0
   54 0000006C 00000000        DCD              0
   55 00000070 00000000        DCD              0
   56 00000074 00000000        DCD              0
   57 00000078 00000000        DCD              0
   58 0000007C 00000000        DCD              0
   59 00000080         
   60 00000080                 AREA             |.text|, CODE, READONLY
   61 00000000         ;Reset Handler
   62 00000000         Reset_Handler
                               PROC
   63 00000000                 GLOBAL           Reset_Handler
   64 00000000                 ENTRY
   65 00000000                 IMPORT           __main
   66 00000000 4800            LDR              R0, =__main
   67 00000002 4700            BX               R0          ;Branch to __main
   68 00000004                 ENDP
   69 00000004         
   70 00000004         
   71 00000004         ; !!
   72 00000004         ;UART_Handler    PROC
   73 00000004         ;EXPORT UART_Handler
   74 00000004         ;IMPORT UART_ISR
   75 00000004         ;PUSH    {R0,R1,R2,LR}
   76 00000004         ;BL UART_ISR
   77 00000004         ;POP     {R0,R1,R2,PC}
   78 00000004         ;ENDP
   79 00000004         
   80 00000004                 ALIGN            4           ; Align to a word b
                                                            oundary
   81 00000004         
   82 00000004         ; User Initial Stack & Heap
   83 00000004                 IF               :DEF:__MICROLIB
   84 00000004                 EXPORT           __initial_sp
   85 00000004                 EXPORT           __heap_base
   86 00000004                 EXPORT           __heap_limit
   87 00000004                 ELSE
  100                          ENDIF
  101 00000004         
  102 00000004                 END
              00000000 
Command Line: --debug --xref --diag_suppress=9931 --cpu=Cortex-M0 --apcs=interw
ork --depend=.\cm0dsasm.d -o.\cm0dsasm.o -I.\RTE\_Target_1 -IC:\Users\avikd\App
Data\Local\Arm\Packs\ARM\CMSIS\5.9.0\CMSIS\Core\Include -IC:\Users\avikd\AppDat
a\Local\Arm\Packs\ARM\CMSIS\5.9.0\Device\ARM\ARMCM0\Include --predefine="__EVAL
 SETA 1" --predefine="__MICROLIB SETA 1" --predefine="__UVISION_VERSION SETA 53
6" --predefine="_RTE_ SETA 1" --predefine="ARMCM0 SETA 1" --predefine="_RTE_ SE
TA 1" --list=.\cm0dsasm.lst cm0dsasm.s



ARM Macro Assembler    Page 1 Alphabetic symbol ordering
Relocatable symbols

STACK 00000000

Symbol: STACK
   Definitions
      At line 3 in file cm0dsasm.s
   Uses
      None
Comment: STACK unused
Stack_Mem 00000000

Symbol: Stack_Mem
   Definitions
      At line 4 in file cm0dsasm.s
   Uses
      None
Comment: Stack_Mem unused
__initial_sp 00000020

Symbol: __initial_sp
   Definitions
      At line 5 in file cm0dsasm.s
   Uses
      At line 84 in file cm0dsasm.s
Comment: __initial_sp used once
3 symbols



ARM Macro Assembler    Page 1 Alphabetic symbol ordering
Relocatable symbols

HEAP 00000000

Symbol: HEAP
   Definitions
      At line 10 in file cm0dsasm.s
   Uses
      None
Comment: HEAP unused
Heap_Mem 00000000

Symbol: Heap_Mem
   Definitions
      At line 12 in file cm0dsasm.s
   Uses
      None
Comment: Heap_Mem unused
__heap_base 00000000

Symbol: __heap_base
   Definitions
      At line 11 in file cm0dsasm.s
   Uses
      At line 85 in file cm0dsasm.s
Comment: __heap_base used once
__heap_limit 00000020

Symbol: __heap_limit
   Definitions
      At line 13 in file cm0dsasm.s
   Uses
      At line 86 in file cm0dsasm.s
Comment: __heap_limit used once
4 symbols



ARM Macro Assembler    Page 1 Alphabetic symbol ordering
Relocatable symbols

RESET 00000000

Symbol: RESET
   Definitions
      At line 21 in file cm0dsasm.s
   Uses
      None
Comment: RESET unused
__Vectors 00000000

Symbol: __Vectors
   Definitions
      At line 24 in file cm0dsasm.s
   Uses
      At line 22 in file cm0dsasm.s
Comment: __Vectors used once
2 symbols



ARM Macro Assembler    Page 1 Alphabetic symbol ordering
Relocatable symbols

.text 00000000

Symbol: .text
   Definitions
      At line 60 in file cm0dsasm.s
   Uses
      None
Comment: .text unused
Reset_Handler 00000000

Symbol: Reset_Handler
   Definitions
      At line 62 in file cm0dsasm.s
   Uses
      At line 25 in file cm0dsasm.s
      At line 63 in file cm0dsasm.s

2 symbols



ARM Macro Assembler    Page 1 Alphabetic symbol ordering
Absolute symbols

Heap_Size 00000020

Symbol: Heap_Size
   Definitions
      At line 8 in file cm0dsasm.s
   Uses
      At line 12 in file cm0dsasm.s
Comment: Heap_Size used once
Stack_Size 00000020

Symbol: Stack_Size
   Definitions
      At line 1 in file cm0dsasm.s
   Uses
      At line 4 in file cm0dsasm.s
Comment: Stack_Size used once
2 symbols



ARM Macro Assembler    Page 1 Alphabetic symbol ordering
External symbols

__main 00000000

Symbol: __main
   Definitions
      At line 65 in file cm0dsasm.s
   Uses
      At line 66 in file cm0dsasm.s
Comment: __main used once
1 symbol
351 symbols in table
