


ARM Macro Assembler    Page 1 


    1 00000000         
    2 00000000         ; Vector Table Mapped to Address 0 at Reset
    3 00000000         
    4 00000000                 PRESERVE8
    5 00000000                 THUMB
    6 00000000         
    7 00000000                 AREA             RESET, DATA, READONLY ; First 3
                                                            2 WORDS is VECTOR T
                                                            ABLE
    8 00000000                 EXPORT           __Vectors
    9 00000000         
   10 00000000 000003FF 
                       __Vectors
                               DCD              0x000003FF  ; 1K Internal Memor
                                                            y
   11 00000004 00000081        DCD              0x81        ;Reset_Handler
   12 00000008 00000000        DCD              0
   13 0000000C 00000000        DCD              0
   14 00000010 00000000        DCD              0
   15 00000014 00000000        DCD              0
   16 00000018 00000000        DCD              0
   17 0000001C 00000000        DCD              0
   18 00000020 00000000        DCD              0
   19 00000024 00000000        DCD              0
   20 00000028 00000000        DCD              0
   21 0000002C 00000000        DCD              0
   22 00000030 00000000        DCD              0
   23 00000034 00000000        DCD              0
   24 00000038 00000000        DCD              0
   25 0000003C 00000000        DCD              0
   26 00000040         
   27 00000040         ; External Interrupts
   28 00000040         
   29 00000040 00000000        DCD              0
   30 00000044 00000000        DCD              0
   31 00000048 00000000        DCD              0
   32 0000004C 00000000        DCD              0
   33 00000050 00000000        DCD              0
   34 00000054 00000000        DCD              0
   35 00000058 00000000        DCD              0
   36 0000005C 00000000        DCD              0
   37 00000060 00000000        DCD              0
   38 00000064 00000000        DCD              0
   39 00000068 00000000        DCD              0
   40 0000006C 00000000        DCD              0
   41 00000070 00000000        DCD              0
   42 00000074 00000000        DCD              0
   43 00000078 00000000        DCD              0
   44 0000007C 00000000        DCD              0
   45 00000080         
   46 00000080                 AREA             |.text|, CODE, READONLY
   47 00000000         ;Reset Handler
   48 00000000         Reset_Handler
                               PROC
   49 00000000                 GLOBAL           Reset_Handler
   50 00000000                 ENTRY
   51 00000000         
   52 00000000 4907            LDR              R1, =0x50000000 
                                                            ; LED/SW address



ARM Macro Assembler    Page 2 


   53 00000002 4A08            LDR              R2, =0x000000FF ; pattern 1  
   54 00000004 4C08            LDR              R4, =0xFFFFFF ; value to determ
                                                            ine the delay    
   55 00000006         
   56 00000006 680D    AGAIN   LDR              R5, [R1]    ; load SW[9:0]
   57 00000008 4055            EORS             R5, R2, R5  ; XOR with FF => in
                                                            vert
   58 0000000A 600D            STR              R5, [R1]    ; store LEDR[8:0]
   59 0000000C         
   60 0000000C 4620            MOV              R0,R4       ; some delay
   61 0000000E 1E40    Loop    SUBS             R0,R0,#1
   62 00000010 D1FD            BNE              Loop
   63 00000012         
   64 00000012 4055            EORS             R5, R2, R5  ; XOR with FF => in
                                                            vert again
   65 00000014 600D            STR              R5, [R1]    ; store LEDR[8:0]
   66 00000016         
   67 00000016 4620            MOV              R0,R4       ; some delay again
   68 00000018 1E40    Loop1   SUBS             R0,R0,#1
   69 0000001A D1FD            BNE              Loop1
   70 0000001C         
   71 0000001C E7F3            B                AGAIN
   72 0000001E                 ENDP
   73 0000001E         
   74 0000001E 00 00           ALIGN            4           ; Align to a word b
                                                            oundary
   75 00000020         
   76 00000020                 END
              50000000 
              000000FF 
              00FFFFFF 
Command Line: --debug --xref --diag_suppress=9931 --cpu=Cortex-M0 --depend=.\cm
0dsasm.d -o.\cm0dsasm.o -I.\RTE\_Target_1 -IC:\Users\avikd\AppData\Local\Arm\Pa
cks\ARM\CMSIS\5.9.0\CMSIS\Core\Include -IC:\Users\avikd\AppData\Local\Arm\Packs
\ARM\CMSIS\5.9.0\Device\ARM\ARMCM0\Include --predefine="__EVAL SETA 1" --predef
ine="__UVISION_VERSION SETA 536" --predefine="_RTE_ SETA 1" --predefine="ARMCM0
 SETA 1" --predefine="_RTE_ SETA 1" --list=.\cm0dsasm.lst cm0dsasm.s



ARM Macro Assembler    Page 1 Alphabetic symbol ordering
Relocatable symbols

RESET 00000000

Symbol: RESET
   Definitions
      At line 7 in file cm0dsasm.s
   Uses
      None
Comment: RESET unused
__Vectors 00000000

Symbol: __Vectors
   Definitions
      At line 10 in file cm0dsasm.s
   Uses
      At line 8 in file cm0dsasm.s
Comment: __Vectors used once
2 symbols



ARM Macro Assembler    Page 1 Alphabetic symbol ordering
Relocatable symbols

.text 00000000

Symbol: .text
   Definitions
      At line 46 in file cm0dsasm.s
   Uses
      None
Comment: .text unused
AGAIN 00000006

Symbol: AGAIN
   Definitions
      At line 56 in file cm0dsasm.s
   Uses
      At line 71 in file cm0dsasm.s
Comment: AGAIN used once
Loop 0000000E

Symbol: Loop
   Definitions
      At line 61 in file cm0dsasm.s
   Uses
      At line 62 in file cm0dsasm.s
Comment: Loop used once
Loop1 00000018

Symbol: Loop1
   Definitions
      At line 68 in file cm0dsasm.s
   Uses
      At line 69 in file cm0dsasm.s
Comment: Loop1 used once
Reset_Handler 00000000

Symbol: Reset_Handler
   Definitions
      At line 48 in file cm0dsasm.s
   Uses
      At line 49 in file cm0dsasm.s
Comment: Reset_Handler used once
5 symbols
343 symbols in table
