Analysis & Synthesis report for DE10_Lite_top
Sat Dec 16 21:31:41 2023
Quartus Prime Version 18.1.0 Build 625 09/12/2018 SJ Lite Edition


---------------------
; Table of Contents ;
---------------------
  1. Legal Notice
  2. Analysis & Synthesis Summary
  3. Analysis & Synthesis Settings
  4. Parallel Compilation
  5. Analysis & Synthesis Source Files Read
  6. Analysis & Synthesis Resource Usage Summary
  7. Analysis & Synthesis Resource Utilization by Entity
  8. General Register Statistics
  9. Parameter Settings for Inferred Entity Instance: lpm_divide:Div1
 10. Parameter Settings for Inferred Entity Instance: lpm_divide:Div0
 11. Parameter Settings for Inferred Entity Instance: lpm_mult:Mult0
 12. lpm_mult Parameter Settings by Entity Instance
 13. Post-Synthesis Netlist Statistics for Top Partition
 14. Elapsed Time Per Partition
 15. Analysis & Synthesis Messages



----------------
; Legal Notice ;
----------------
Copyright (C) 2018  Intel Corporation. All rights reserved.
Your use of Intel Corporation's design tools, logic functions 
and other software and tools, and its AMPP partner logic 
functions, and any output files from any of the foregoing 
(including device programming or simulation files), and any 
associated documentation or information are expressly subject 
to the terms and conditions of the Intel Program License 
Subscription Agreement, the Intel Quartus Prime License Agreement,
the Intel FPGA IP License Agreement, or other applicable license
agreement, including, without limitation, that your use is for
the sole purpose of programming logic devices manufactured by
Intel and sold by Intel or its authorized distributors.  Please
refer to the applicable agreement for further details.



+----------------------------------------------------------------------------------+
; Analysis & Synthesis Summary                                                     ;
+------------------------------------+---------------------------------------------+
; Analysis & Synthesis Status        ; Successful - Sat Dec 16 21:31:41 2023       ;
; Quartus Prime Version              ; 18.1.0 Build 625 09/12/2018 SJ Lite Edition ;
; Revision Name                      ; DE10_Lite_top                               ;
; Top-level Entity Name              ; DE10_Lite_top                               ;
; Family                             ; MAX 10                                      ;
; Total logic elements               ; 224                                         ;
;     Total combinational functions  ; 224                                         ;
;     Dedicated logic registers      ; 0                                           ;
; Total registers                    ; 0                                           ;
; Total pins                         ; 73                                          ;
; Total virtual pins                 ; 0                                           ;
; Total memory bits                  ; 0                                           ;
; Embedded Multiplier 9-bit elements ; 0                                           ;
; Total PLLs                         ; 0                                           ;
; UFM blocks                         ; 0                                           ;
; ADC blocks                         ; 0                                           ;
+------------------------------------+---------------------------------------------+


+------------------------------------------------------------------------------------------------------------+
; Analysis & Synthesis Settings                                                                              ;
+------------------------------------------------------------------+--------------------+--------------------+
; Option                                                           ; Setting            ; Default Value      ;
+------------------------------------------------------------------+--------------------+--------------------+
; Device                                                           ; 10M50DAF484C7G     ;                    ;
; Top-level entity name                                            ; DE10_Lite_top      ; DE10_Lite_top      ;
; Family name                                                      ; MAX 10 FPGA        ; Cyclone V          ;
; Use smart compilation                                            ; Off                ; Off                ;
; Enable parallel Assembler and Timing Analyzer during compilation ; On                 ; On                 ;
; Enable compact report table                                      ; Off                ; Off                ;
; Restructure Multiplexers                                         ; Auto               ; Auto               ;
; Create Debugging Nodes for IP Cores                              ; Off                ; Off                ;
; Preserve fewer node names                                        ; On                 ; On                 ;
; Intel FPGA IP Evaluation Mode                                    ; Enable             ; Enable             ;
; Verilog Version                                                  ; Verilog_2001       ; Verilog_2001       ;
; VHDL Version                                                     ; VHDL_1993          ; VHDL_1993          ;
; State Machine Processing                                         ; Auto               ; Auto               ;
; Safe State Machine                                               ; Off                ; Off                ;
; Extract Verilog State Machines                                   ; On                 ; On                 ;
; Extract VHDL State Machines                                      ; On                 ; On                 ;
; Ignore Verilog initial constructs                                ; Off                ; Off                ;
; Iteration limit for constant Verilog loops                       ; 5000               ; 5000               ;
; Iteration limit for non-constant Verilog loops                   ; 250                ; 250                ;
; Add Pass-Through Logic to Inferred RAMs                          ; On                 ; On                 ;
; Infer RAMs from Raw Logic                                        ; On                 ; On                 ;
; Parallel Synthesis                                               ; On                 ; On                 ;
; DSP Block Balancing                                              ; Auto               ; Auto               ;
; NOT Gate Push-Back                                               ; On                 ; On                 ;
; Power-Up Don't Care                                              ; On                 ; On                 ;
; Remove Redundant Logic Cells                                     ; Off                ; Off                ;
; Remove Duplicate Registers                                       ; On                 ; On                 ;
; Ignore CARRY Buffers                                             ; Off                ; Off                ;
; Ignore CASCADE Buffers                                           ; Off                ; Off                ;
; Ignore GLOBAL Buffers                                            ; Off                ; Off                ;
; Ignore ROW GLOBAL Buffers                                        ; Off                ; Off                ;
; Ignore LCELL Buffers                                             ; Off                ; Off                ;
; Ignore SOFT Buffers                                              ; On                 ; On                 ;
; Limit AHDL Integers to 32 Bits                                   ; Off                ; Off                ;
; Optimization Technique                                           ; Balanced           ; Balanced           ;
; Carry Chain Length                                               ; 70                 ; 70                 ;
; Auto Carry Chains                                                ; On                 ; On                 ;
; Auto Open-Drain Pins                                             ; On                 ; On                 ;
; Perform WYSIWYG Primitive Resynthesis                            ; Off                ; Off                ;
; Auto ROM Replacement                                             ; On                 ; On                 ;
; Auto RAM Replacement                                             ; On                 ; On                 ;
; Auto DSP Block Replacement                                       ; On                 ; On                 ;
; Auto Shift Register Replacement                                  ; Auto               ; Auto               ;
; Allow Shift Register Merging across Hierarchies                  ; Auto               ; Auto               ;
; Auto Clock Enable Replacement                                    ; On                 ; On                 ;
; Strict RAM Replacement                                           ; Off                ; Off                ;
; Allow Synchronous Control Signals                                ; On                 ; On                 ;
; Force Use of Synchronous Clear Signals                           ; Off                ; Off                ;
; Auto RAM Block Balancing                                         ; On                 ; On                 ;
; Auto RAM to Logic Cell Conversion                                ; Off                ; Off                ;
; Auto Resource Sharing                                            ; Off                ; Off                ;
; Allow Any RAM Size For Recognition                               ; Off                ; Off                ;
; Allow Any ROM Size For Recognition                               ; Off                ; Off                ;
; Allow Any Shift Register Size For Recognition                    ; Off                ; Off                ;
; Use LogicLock Constraints during Resource Balancing              ; On                 ; On                 ;
; Ignore translate_off and synthesis_off directives                ; Off                ; Off                ;
; Timing-Driven Synthesis                                          ; On                 ; On                 ;
; Report Parameter Settings                                        ; On                 ; On                 ;
; Report Source Assignments                                        ; On                 ; On                 ;
; Report Connectivity Checks                                       ; On                 ; On                 ;
; Ignore Maximum Fan-Out Assignments                               ; Off                ; Off                ;
; Synchronization Register Chain Length                            ; 2                  ; 2                  ;
; Power Optimization During Synthesis                              ; Normal compilation ; Normal compilation ;
; HDL message level                                                ; Level2             ; Level2             ;
; Suppress Register Optimization Related Messages                  ; Off                ; Off                ;
; Number of Removed Registers Reported in Synthesis Report         ; 5000               ; 5000               ;
; Number of Swept Nodes Reported in Synthesis Report               ; 5000               ; 5000               ;
; Number of Inverted Registers Reported in Synthesis Report        ; 100                ; 100                ;
; Clock MUX Protection                                             ; On                 ; On                 ;
; Auto Gated Clock Conversion                                      ; Off                ; Off                ;
; Block Design Naming                                              ; Auto               ; Auto               ;
; SDC constraint protection                                        ; Off                ; Off                ;
; Synthesis Effort                                                 ; Auto               ; Auto               ;
; Shift Register Replacement - Allow Asynchronous Clear Signal     ; On                 ; On                 ;
; Pre-Mapping Resynthesis Optimization                             ; Off                ; Off                ;
; Analysis & Synthesis Message Level                               ; Medium             ; Medium             ;
; Disable Register Merging Across Hierarchies                      ; Auto               ; Auto               ;
; Resource Aware Inference For Block RAM                           ; On                 ; On                 ;
+------------------------------------------------------------------+--------------------+--------------------+


+------------------------------------------+
; Parallel Compilation                     ;
+----------------------------+-------------+
; Processors                 ; Number      ;
+----------------------------+-------------+
; Number detected on machine ; 12          ;
; Maximum allowed            ; 12          ;
;                            ;             ;
; Average used               ; 1.00        ;
; Maximum used               ; 1           ;
;                            ;             ;
; Usage by Processor         ; % Time Used ;
;     Processor 1            ; 100.0%      ;
+----------------------------+-------------+


+-------------------------------------------------------------------------------------------------------------------------------------------------------------------------------------------------------------------------------+
; Analysis & Synthesis Source Files Read                                                                                                                                                                                        ;
+----------------------------------+-----------------+------------------------------+---------------------------------------------------------------------------------------------------------------------------------+---------+
; File Name with User-Entered Path ; Used in Netlist ; File Type                    ; File Name with Absolute Path                                                                                                    ; Library ;
+----------------------------------+-----------------+------------------------------+---------------------------------------------------------------------------------------------------------------------------------+---------+
; DE10_LITE_top.v                  ; yes             ; User Verilog HDL File        ; C:/Users/avikd/OneDrive - Sheffield Hallam University/Desktop/. System on Chips/Lab_SoC/Lab3/Lab_3_1/DE10_LITE_top.v            ;         ;
; SevSeg.v                         ; yes             ; User Verilog HDL File        ; C:/Users/avikd/OneDrive - Sheffield Hallam University/Desktop/. System on Chips/Lab_SoC/Lab3/Lab_3_1/SevSeg.v                   ;         ;
; lpm_divide.tdf                   ; yes             ; Megafunction                 ; c:/intelfpga_lite/18.1/quartus/libraries/megafunctions/lpm_divide.tdf                                                           ;         ;
; abs_divider.inc                  ; yes             ; Megafunction                 ; c:/intelfpga_lite/18.1/quartus/libraries/megafunctions/abs_divider.inc                                                          ;         ;
; sign_div_unsign.inc              ; yes             ; Megafunction                 ; c:/intelfpga_lite/18.1/quartus/libraries/megafunctions/sign_div_unsign.inc                                                      ;         ;
; aglobal181.inc                   ; yes             ; Megafunction                 ; c:/intelfpga_lite/18.1/quartus/libraries/megafunctions/aglobal181.inc                                                           ;         ;
; db/lpm_divide_mtl.tdf            ; yes             ; Auto-Generated Megafunction  ; C:/Users/avikd/OneDrive - Sheffield Hallam University/Desktop/. System on Chips/Lab_SoC/Lab3/Lab_3_1/db/lpm_divide_mtl.tdf      ;         ;
; db/sign_div_unsign_olh.tdf       ; yes             ; Auto-Generated Megafunction  ; C:/Users/avikd/OneDrive - Sheffield Hallam University/Desktop/. System on Chips/Lab_SoC/Lab3/Lab_3_1/db/sign_div_unsign_olh.tdf ;         ;
; db/alt_u_div_qhe.tdf             ; yes             ; Auto-Generated Megafunction  ; C:/Users/avikd/OneDrive - Sheffield Hallam University/Desktop/. System on Chips/Lab_SoC/Lab3/Lab_3_1/db/alt_u_div_qhe.tdf       ;         ;
; db/add_sub_t3c.tdf               ; yes             ; Auto-Generated Megafunction  ; C:/Users/avikd/OneDrive - Sheffield Hallam University/Desktop/. System on Chips/Lab_SoC/Lab3/Lab_3_1/db/add_sub_t3c.tdf         ;         ;
; db/add_sub_u3c.tdf               ; yes             ; Auto-Generated Megafunction  ; C:/Users/avikd/OneDrive - Sheffield Hallam University/Desktop/. System on Chips/Lab_SoC/Lab3/Lab_3_1/db/add_sub_u3c.tdf         ;         ;
; db/lpm_divide_ltl.tdf            ; yes             ; Auto-Generated Megafunction  ; C:/Users/avikd/OneDrive - Sheffield Hallam University/Desktop/. System on Chips/Lab_SoC/Lab3/Lab_3_1/db/lpm_divide_ltl.tdf      ;         ;
; db/sign_div_unsign_nlh.tdf       ; yes             ; Auto-Generated Megafunction  ; C:/Users/avikd/OneDrive - Sheffield Hallam University/Desktop/. System on Chips/Lab_SoC/Lab3/Lab_3_1/db/sign_div_unsign_nlh.tdf ;         ;
; db/alt_u_div_ohe.tdf             ; yes             ; Auto-Generated Megafunction  ; C:/Users/avikd/OneDrive - Sheffield Hallam University/Desktop/. System on Chips/Lab_SoC/Lab3/Lab_3_1/db/alt_u_div_ohe.tdf       ;         ;
; lpm_mult.tdf                     ; yes             ; Megafunction                 ; c:/intelfpga_lite/18.1/quartus/libraries/megafunctions/lpm_mult.tdf                                                             ;         ;
; lpm_add_sub.inc                  ; yes             ; Megafunction                 ; c:/intelfpga_lite/18.1/quartus/libraries/megafunctions/lpm_add_sub.inc                                                          ;         ;
; multcore.inc                     ; yes             ; Megafunction                 ; c:/intelfpga_lite/18.1/quartus/libraries/megafunctions/multcore.inc                                                             ;         ;
; bypassff.inc                     ; yes             ; Megafunction                 ; c:/intelfpga_lite/18.1/quartus/libraries/megafunctions/bypassff.inc                                                             ;         ;
; altshift.inc                     ; yes             ; Megafunction                 ; c:/intelfpga_lite/18.1/quartus/libraries/megafunctions/altshift.inc                                                             ;         ;
; multcore.tdf                     ; yes             ; Megafunction                 ; c:/intelfpga_lite/18.1/quartus/libraries/megafunctions/multcore.tdf                                                             ;         ;
; csa_add.inc                      ; yes             ; Megafunction                 ; c:/intelfpga_lite/18.1/quartus/libraries/megafunctions/csa_add.inc                                                              ;         ;
; mpar_add.inc                     ; yes             ; Megafunction                 ; c:/intelfpga_lite/18.1/quartus/libraries/megafunctions/mpar_add.inc                                                             ;         ;
; muleabz.inc                      ; yes             ; Megafunction                 ; c:/intelfpga_lite/18.1/quartus/libraries/megafunctions/muleabz.inc                                                              ;         ;
; mul_lfrg.inc                     ; yes             ; Megafunction                 ; c:/intelfpga_lite/18.1/quartus/libraries/megafunctions/mul_lfrg.inc                                                             ;         ;
; mul_boothc.inc                   ; yes             ; Megafunction                 ; c:/intelfpga_lite/18.1/quartus/libraries/megafunctions/mul_boothc.inc                                                           ;         ;
; alt_ded_mult.inc                 ; yes             ; Megafunction                 ; c:/intelfpga_lite/18.1/quartus/libraries/megafunctions/alt_ded_mult.inc                                                         ;         ;
; alt_ded_mult_y.inc               ; yes             ; Megafunction                 ; c:/intelfpga_lite/18.1/quartus/libraries/megafunctions/alt_ded_mult_y.inc                                                       ;         ;
; dffpipe.inc                      ; yes             ; Megafunction                 ; c:/intelfpga_lite/18.1/quartus/libraries/megafunctions/dffpipe.inc                                                              ;         ;
; mpar_add.tdf                     ; yes             ; Megafunction                 ; c:/intelfpga_lite/18.1/quartus/libraries/megafunctions/mpar_add.tdf                                                             ;         ;
; altshift.tdf                     ; yes             ; Megafunction                 ; c:/intelfpga_lite/18.1/quartus/libraries/megafunctions/altshift.tdf                                                             ;         ;
+----------------------------------+-----------------+------------------------------+---------------------------------------------------------------------------------------------------------------------------------+---------+


+--------------------------------------------------------------------------------------------------------------------------------------------------------------------------+
; Analysis & Synthesis Resource Usage Summary                                                                                                                              ;
+---------------------------------------------+----------------------------------------------------------------------------------------------------------------------------+
; Resource                                    ; Usage                                                                                                                      ;
+---------------------------------------------+----------------------------------------------------------------------------------------------------------------------------+
; Estimated Total logic elements              ; 224                                                                                                                        ;
;                                             ;                                                                                                                            ;
; Total combinational functions               ; 224                                                                                                                        ;
; Logic element usage by number of LUT inputs ;                                                                                                                            ;
;     -- 4 input functions                    ; 53                                                                                                                         ;
;     -- 3 input functions                    ; 61                                                                                                                         ;
;     -- <=2 input functions                  ; 110                                                                                                                        ;
;                                             ;                                                                                                                            ;
; Logic elements by mode                      ;                                                                                                                            ;
;     -- normal mode                          ; 156                                                                                                                        ;
;     -- arithmetic mode                      ; 68                                                                                                                         ;
;                                             ;                                                                                                                            ;
; Total registers                             ; 0                                                                                                                          ;
;     -- Dedicated logic registers            ; 0                                                                                                                          ;
;     -- I/O registers                        ; 0                                                                                                                          ;
;                                             ;                                                                                                                            ;
; I/O pins                                    ; 73                                                                                                                         ;
;                                             ;                                                                                                                            ;
; Embedded Multiplier 9-bit elements          ; 0                                                                                                                          ;
;                                             ;                                                                                                                            ;
; Maximum fan-out node                        ; lpm_divide:Div0|lpm_divide_ltl:auto_generated|sign_div_unsign_nlh:divider|alt_u_div_ohe:divider|add_sub_6_result_int[7]~10 ;
; Maximum fan-out                             ; 32                                                                                                                         ;
; Total fan-out                               ; 693                                                                                                                        ;
; Average fan-out                             ; 1.87                                                                                                                       ;
+---------------------------------------------+----------------------------------------------------------------------------------------------------------------------------+


+---------------------------------------------------------------------------------------------------------------------------------------------------------------------------------------------------------------------------------------------------------------------------------------------------------------------------------------------------+
; Analysis & Synthesis Resource Utilization by Entity                                                                                                                                                                                                                                                                                               ;
+----------------------------------------+---------------------+---------------------------+-------------+------------+--------------+---------+-----------+------+--------------+------------+----------------------------------------------------------------------------------------------------------------+---------------------+--------------+
; Compilation Hierarchy Node             ; Combinational ALUTs ; Dedicated Logic Registers ; Memory Bits ; UFM Blocks ; DSP Elements ; DSP 9x9 ; DSP 18x18 ; Pins ; Virtual Pins ; ADC blocks ; Full Hierarchy Name                                                                                            ; Entity Name         ; Library Name ;
+----------------------------------------+---------------------+---------------------------+-------------+------------+--------------+---------+-----------+------+--------------+------------+----------------------------------------------------------------------------------------------------------------+---------------------+--------------+
; |DE10_Lite_top                         ; 224 (16)            ; 0 (0)                     ; 0           ; 0          ; 0            ; 0       ; 0         ; 73   ; 0            ; 0          ; |DE10_Lite_top                                                                                                 ; DE10_Lite_top       ; work         ;
;    |SevSeg:SevSeg_1|                   ; 8 (8)               ; 0 (0)                     ; 0           ; 0          ; 0            ; 0       ; 0         ; 0    ; 0            ; 0          ; |DE10_Lite_top|SevSeg:SevSeg_1                                                                                 ; SevSeg              ; work         ;
;    |SevSeg:SevSeg_2|                   ; 8 (8)               ; 0 (0)                     ; 0           ; 0          ; 0            ; 0       ; 0         ; 0    ; 0            ; 0          ; |DE10_Lite_top|SevSeg:SevSeg_2                                                                                 ; SevSeg              ; work         ;
;    |SevSeg:SevSeg_3|                   ; 8 (8)               ; 0 (0)                     ; 0           ; 0          ; 0            ; 0       ; 0         ; 0    ; 0            ; 0          ; |DE10_Lite_top|SevSeg:SevSeg_3                                                                                 ; SevSeg              ; work         ;
;    |lpm_divide:Div0|                   ; 69 (0)              ; 0 (0)                     ; 0           ; 0          ; 0            ; 0       ; 0         ; 0    ; 0            ; 0          ; |DE10_Lite_top|lpm_divide:Div0                                                                                 ; lpm_divide          ; work         ;
;       |lpm_divide_ltl:auto_generated|  ; 69 (0)              ; 0 (0)                     ; 0           ; 0          ; 0            ; 0       ; 0         ; 0    ; 0            ; 0          ; |DE10_Lite_top|lpm_divide:Div0|lpm_divide_ltl:auto_generated                                                   ; lpm_divide_ltl      ; work         ;
;          |sign_div_unsign_nlh:divider| ; 69 (0)              ; 0 (0)                     ; 0           ; 0          ; 0            ; 0       ; 0         ; 0    ; 0            ; 0          ; |DE10_Lite_top|lpm_divide:Div0|lpm_divide_ltl:auto_generated|sign_div_unsign_nlh:divider                       ; sign_div_unsign_nlh ; work         ;
;             |alt_u_div_ohe:divider|    ; 69 (69)             ; 0 (0)                     ; 0           ; 0          ; 0            ; 0       ; 0         ; 0    ; 0            ; 0          ; |DE10_Lite_top|lpm_divide:Div0|lpm_divide_ltl:auto_generated|sign_div_unsign_nlh:divider|alt_u_div_ohe:divider ; alt_u_div_ohe       ; work         ;
;    |lpm_divide:Div1|                   ; 109 (0)             ; 0 (0)                     ; 0           ; 0          ; 0            ; 0       ; 0         ; 0    ; 0            ; 0          ; |DE10_Lite_top|lpm_divide:Div1                                                                                 ; lpm_divide          ; work         ;
;       |lpm_divide_mtl:auto_generated|  ; 109 (0)             ; 0 (0)                     ; 0           ; 0          ; 0            ; 0       ; 0         ; 0    ; 0            ; 0          ; |DE10_Lite_top|lpm_divide:Div1|lpm_divide_mtl:auto_generated                                                   ; lpm_divide_mtl      ; work         ;
;          |sign_div_unsign_olh:divider| ; 109 (0)             ; 0 (0)                     ; 0           ; 0          ; 0            ; 0       ; 0         ; 0    ; 0            ; 0          ; |DE10_Lite_top|lpm_divide:Div1|lpm_divide_mtl:auto_generated|sign_div_unsign_olh:divider                       ; sign_div_unsign_olh ; work         ;
;             |alt_u_div_qhe:divider|    ; 109 (109)           ; 0 (0)                     ; 0           ; 0          ; 0            ; 0       ; 0         ; 0    ; 0            ; 0          ; |DE10_Lite_top|lpm_divide:Div1|lpm_divide_mtl:auto_generated|sign_div_unsign_olh:divider|alt_u_div_qhe:divider ; alt_u_div_qhe       ; work         ;
;    |lpm_mult:Mult0|                    ; 6 (0)               ; 0 (0)                     ; 0           ; 0          ; 0            ; 0       ; 0         ; 0    ; 0            ; 0          ; |DE10_Lite_top|lpm_mult:Mult0                                                                                  ; lpm_mult            ; work         ;
;       |multcore:mult_core|             ; 6 (6)               ; 0 (0)                     ; 0           ; 0          ; 0            ; 0       ; 0         ; 0    ; 0            ; 0          ; |DE10_Lite_top|lpm_mult:Mult0|multcore:mult_core                                                               ; multcore            ; work         ;
+----------------------------------------+---------------------+---------------------------+-------------+------------+--------------+---------+-----------+------+--------------+------------+----------------------------------------------------------------------------------------------------------------+---------------------+--------------+
Note: For table entries with two numbers listed, the numbers in parentheses indicate the number of resources of the given type used by the specific entity alone. The numbers listed outside of parentheses indicate the total resources of the given type used by the specific entity and all of its sub-entities in the hierarchy.


+------------------------------------------------------+
; General Register Statistics                          ;
+----------------------------------------------+-------+
; Statistic                                    ; Value ;
+----------------------------------------------+-------+
; Total registers                              ; 0     ;
; Number of registers using Synchronous Clear  ; 0     ;
; Number of registers using Synchronous Load   ; 0     ;
; Number of registers using Asynchronous Clear ; 0     ;
; Number of registers using Asynchronous Load  ; 0     ;
; Number of registers using Clock Enable       ; 0     ;
; Number of registers using Preset             ; 0     ;
+----------------------------------------------+-------+


+------------------------------------------------------------------+
; Parameter Settings for Inferred Entity Instance: lpm_divide:Div1 ;
+------------------------+----------------+------------------------+
; Parameter Name         ; Value          ; Type                   ;
+------------------------+----------------+------------------------+
; LPM_WIDTHN             ; 32             ; Untyped                ;
; LPM_WIDTHD             ; 4              ; Untyped                ;
; LPM_NREPRESENTATION    ; UNSIGNED       ; Untyped                ;
; LPM_DREPRESENTATION    ; UNSIGNED       ; Untyped                ;
; LPM_PIPELINE           ; 0              ; Untyped                ;
; LPM_REMAINDERPOSITIVE  ; TRUE           ; Untyped                ;
; MAXIMIZE_SPEED         ; 5              ; Untyped                ;
; CBXI_PARAMETER         ; lpm_divide_mtl ; Untyped                ;
; CARRY_CHAIN            ; MANUAL         ; Untyped                ;
; OPTIMIZE_FOR_SPEED     ; 5              ; Untyped                ;
; AUTO_CARRY_CHAINS      ; ON             ; AUTO_CARRY             ;
; IGNORE_CARRY_BUFFERS   ; OFF            ; IGNORE_CARRY           ;
; AUTO_CASCADE_CHAINS    ; ON             ; AUTO_CASCADE           ;
; IGNORE_CASCADE_BUFFERS ; OFF            ; IGNORE_CASCADE         ;
+------------------------+----------------+------------------------+
Note: In order to hide this table in the UI and the text report file, please set the "Show Parameter Settings in Synthesis Report" option in "Analysis and Synthesis Settings -> More Settings" to "Off".


+------------------------------------------------------------------+
; Parameter Settings for Inferred Entity Instance: lpm_divide:Div0 ;
+------------------------+----------------+------------------------+
; Parameter Name         ; Value          ; Type                   ;
+------------------------+----------------+------------------------+
; LPM_WIDTHN             ; 10             ; Untyped                ;
; LPM_WIDTHD             ; 7              ; Untyped                ;
; LPM_NREPRESENTATION    ; UNSIGNED       ; Untyped                ;
; LPM_DREPRESENTATION    ; UNSIGNED       ; Untyped                ;
; LPM_PIPELINE           ; 0              ; Untyped                ;
; LPM_REMAINDERPOSITIVE  ; TRUE           ; Untyped                ;
; MAXIMIZE_SPEED         ; 5              ; Untyped                ;
; CBXI_PARAMETER         ; lpm_divide_ltl ; Untyped                ;
; CARRY_CHAIN            ; MANUAL         ; Untyped                ;
; OPTIMIZE_FOR_SPEED     ; 5              ; Untyped                ;
; AUTO_CARRY_CHAINS      ; ON             ; AUTO_CARRY             ;
; IGNORE_CARRY_BUFFERS   ; OFF            ; IGNORE_CARRY           ;
; AUTO_CASCADE_CHAINS    ; ON             ; AUTO_CASCADE           ;
; IGNORE_CASCADE_BUFFERS ; OFF            ; IGNORE_CASCADE         ;
+------------------------+----------------+------------------------+
Note: In order to hide this table in the UI and the text report file, please set the "Show Parameter Settings in Synthesis Report" option in "Analysis and Synthesis Settings -> More Settings" to "Off".


+---------------------------------------------------------------------------------+
; Parameter Settings for Inferred Entity Instance: lpm_mult:Mult0                 ;
+------------------------------------------------+----------+---------------------+
; Parameter Name                                 ; Value    ; Type                ;
+------------------------------------------------+----------+---------------------+
; AUTO_CARRY_CHAINS                              ; ON       ; AUTO_CARRY          ;
; IGNORE_CARRY_BUFFERS                           ; OFF      ; IGNORE_CARRY        ;
; AUTO_CASCADE_CHAINS                            ; ON       ; AUTO_CASCADE        ;
; IGNORE_CASCADE_BUFFERS                         ; OFF      ; IGNORE_CASCADE      ;
; LPM_WIDTHA                                     ; 4        ; Untyped             ;
; LPM_WIDTHB                                     ; 7        ; Untyped             ;
; LPM_WIDTHP                                     ; 11       ; Untyped             ;
; LPM_WIDTHR                                     ; 11       ; Untyped             ;
; LPM_WIDTHS                                     ; 1        ; Untyped             ;
; LPM_REPRESENTATION                             ; UNSIGNED ; Untyped             ;
; LPM_PIPELINE                                   ; 0        ; Untyped             ;
; LATENCY                                        ; 0        ; Untyped             ;
; INPUT_A_IS_CONSTANT                            ; NO       ; Untyped             ;
; INPUT_B_IS_CONSTANT                            ; YES      ; Untyped             ;
; USE_EAB                                        ; OFF      ; Untyped             ;
; MAXIMIZE_SPEED                                 ; 5        ; Untyped             ;
; DEVICE_FAMILY                                  ; MAX 10   ; Untyped             ;
; CARRY_CHAIN                                    ; MANUAL   ; Untyped             ;
; APEX20K_TECHNOLOGY_MAPPER                      ; LUT      ; TECH_MAPPER_APEX20K ;
; DEDICATED_MULTIPLIER_CIRCUITRY                 ; AUTO     ; Untyped             ;
; DEDICATED_MULTIPLIER_MIN_INPUT_WIDTH_FOR_AUTO  ; 0        ; Untyped             ;
; DEDICATED_MULTIPLIER_MIN_OUTPUT_WIDTH_FOR_AUTO ; 0        ; Untyped             ;
; CBXI_PARAMETER                                 ; NOTHING  ; Untyped             ;
; INPUT_A_FIXED_VALUE                            ; Bx       ; Untyped             ;
; INPUT_B_FIXED_VALUE                            ; Bx       ; Untyped             ;
; USE_AHDL_IMPLEMENTATION                        ; OFF      ; Untyped             ;
+------------------------------------------------+----------+---------------------+
Note: In order to hide this table in the UI and the text report file, please set the "Show Parameter Settings in Synthesis Report" option in "Analysis and Synthesis Settings -> More Settings" to "Off".


+--------------------------------------------------------+
; lpm_mult Parameter Settings by Entity Instance         ;
+---------------------------------------+----------------+
; Name                                  ; Value          ;
+---------------------------------------+----------------+
; Number of entity instances            ; 1              ;
; Entity Instance                       ; lpm_mult:Mult0 ;
;     -- LPM_WIDTHA                     ; 4              ;
;     -- LPM_WIDTHB                     ; 7              ;
;     -- LPM_WIDTHP                     ; 11             ;
;     -- LPM_REPRESENTATION             ; UNSIGNED       ;
;     -- INPUT_A_IS_CONSTANT            ; NO             ;
;     -- INPUT_B_IS_CONSTANT            ; YES            ;
;     -- USE_EAB                        ; OFF            ;
;     -- DEDICATED_MULTIPLIER_CIRCUITRY ; AUTO           ;
;     -- INPUT_A_FIXED_VALUE            ; Bx             ;
;     -- INPUT_B_FIXED_VALUE            ; Bx             ;
+---------------------------------------+----------------+


+-----------------------------------------------------+
; Post-Synthesis Netlist Statistics for Top Partition ;
+-----------------------+-----------------------------+
; Type                  ; Count                       ;
+-----------------------+-----------------------------+
; boundary_port         ; 73                          ;
; cycloneiii_lcell_comb ; 228                         ;
;     arith             ; 68                          ;
;         1 data inputs ; 1                           ;
;         2 data inputs ; 9                           ;
;         3 data inputs ; 58                          ;
;     normal            ; 160                         ;
;         0 data inputs ; 15                          ;
;         1 data inputs ; 3                           ;
;         2 data inputs ; 86                          ;
;         3 data inputs ; 3                           ;
;         4 data inputs ; 53                          ;
;                       ;                             ;
; Max LUT depth         ; 36.30                       ;
; Average LUT depth     ; 34.50                       ;
+-----------------------+-----------------------------+


+-------------------------------+
; Elapsed Time Per Partition    ;
+----------------+--------------+
; Partition Name ; Elapsed Time ;
+----------------+--------------+
; Top            ; 00:00:01     ;
+----------------+--------------+


+-------------------------------+
; Analysis & Synthesis Messages ;
+-------------------------------+
Info: *******************************************************************
Info: Running Quartus Prime Analysis & Synthesis
    Info: Version 18.1.0 Build 625 09/12/2018 SJ Lite Edition
    Info: Processing started: Sat Dec 16 21:31:32 2023
Info: Command: quartus_map --read_settings_files=on --write_settings_files=off DE10_Lite_top -c DE10_Lite_top
Warning (18236): Number of processors has not been specified which may cause overloading on shared machines.  Set the global assignment NUM_PARALLEL_PROCESSORS in your QSF to an appropriate value for best performance.
Info (20030): Parallel compilation is enabled and will use 12 of the 12 processors detected
Info (12021): Found 1 design units, including 1 entities, in source file de10_lite_top.v
    Info (12023): Found entity 1: DE10_Lite_top File: C:/Users/avikd/OneDrive - Sheffield Hallam University/Desktop/. System on Chips/Lab_SoC/Lab3/Lab_3_1/DE10_LITE_top.v Line: 4
Info (12021): Found 1 design units, including 1 entities, in source file sevseg.v
    Info (12023): Found entity 1: SevSeg File: C:/Users/avikd/OneDrive - Sheffield Hallam University/Desktop/. System on Chips/Lab_SoC/Lab3/Lab_3_1/SevSeg.v Line: 1
Info (12127): Elaborating entity "DE10_Lite_top" for the top level hierarchy
Warning (10036): Verilog HDL or VHDL warning at DE10_LITE_top.v(14): object "KEYn" assigned a value but never read File: C:/Users/avikd/OneDrive - Sheffield Hallam University/Desktop/. System on Chips/Lab_SoC/Lab3/Lab_3_1/DE10_LITE_top.v Line: 14
Warning (10230): Verilog HDL assignment warning at DE10_LITE_top.v(55): truncated value with size 32 to match size of target (4) File: C:/Users/avikd/OneDrive - Sheffield Hallam University/Desktop/. System on Chips/Lab_SoC/Lab3/Lab_3_1/DE10_LITE_top.v Line: 55
Warning (10230): Verilog HDL assignment warning at DE10_LITE_top.v(56): truncated value with size 32 to match size of target (4) File: C:/Users/avikd/OneDrive - Sheffield Hallam University/Desktop/. System on Chips/Lab_SoC/Lab3/Lab_3_1/DE10_LITE_top.v Line: 56
Warning (10230): Verilog HDL assignment warning at DE10_LITE_top.v(57): truncated value with size 32 to match size of target (4) File: C:/Users/avikd/OneDrive - Sheffield Hallam University/Desktop/. System on Chips/Lab_SoC/Lab3/Lab_3_1/DE10_LITE_top.v Line: 57
Info (12128): Elaborating entity "SevSeg" for hierarchy "SevSeg:SevSeg_1" File: C:/Users/avikd/OneDrive - Sheffield Hallam University/Desktop/. System on Chips/Lab_SoC/Lab3/Lab_3_1/DE10_LITE_top.v Line: 49
Info (278001): Inferred 3 megafunctions from design logic
    Info (278004): Inferred divider/modulo megafunction ("lpm_divide") from the following logic: "Div1" File: C:/Users/avikd/OneDrive - Sheffield Hallam University/Desktop/. System on Chips/Lab_SoC/Lab3/Lab_3_1/DE10_LITE_top.v Line: 56
    Info (278004): Inferred divider/modulo megafunction ("lpm_divide") from the following logic: "Div0" File: C:/Users/avikd/OneDrive - Sheffield Hallam University/Desktop/. System on Chips/Lab_SoC/Lab3/Lab_3_1/DE10_LITE_top.v Line: 55
    Info (278003): Inferred multiplier megafunction ("lpm_mult") from the following logic: "Mult0" File: C:/Users/avikd/OneDrive - Sheffield Hallam University/Desktop/. System on Chips/Lab_SoC/Lab3/Lab_3_1/DE10_LITE_top.v Line: 56
Info (12130): Elaborated megafunction instantiation "lpm_divide:Div1" File: C:/Users/avikd/OneDrive - Sheffield Hallam University/Desktop/. System on Chips/Lab_SoC/Lab3/Lab_3_1/DE10_LITE_top.v Line: 56
Info (12133): Instantiated megafunction "lpm_divide:Div1" with the following parameter: File: C:/Users/avikd/OneDrive - Sheffield Hallam University/Desktop/. System on Chips/Lab_SoC/Lab3/Lab_3_1/DE10_LITE_top.v Line: 56
    Info (12134): Parameter "LPM_WIDTHN" = "32"
    Info (12134): Parameter "LPM_WIDTHD" = "4"
    Info (12134): Parameter "LPM_NREPRESENTATION" = "UNSIGNED"
    Info (12134): Parameter "LPM_DREPRESENTATION" = "UNSIGNED"
Info (12021): Found 1 design units, including 1 entities, in source file db/lpm_divide_mtl.tdf
    Info (12023): Found entity 1: lpm_divide_mtl File: C:/Users/avikd/OneDrive - Sheffield Hallam University/Desktop/. System on Chips/Lab_SoC/Lab3/Lab_3_1/db/lpm_divide_mtl.tdf Line: 24
Info (12021): Found 1 design units, including 1 entities, in source file db/sign_div_unsign_olh.tdf
    Info (12023): Found entity 1: sign_div_unsign_olh File: C:/Users/avikd/OneDrive - Sheffield Hallam University/Desktop/. System on Chips/Lab_SoC/Lab3/Lab_3_1/db/sign_div_unsign_olh.tdf Line: 24
Info (12021): Found 1 design units, including 1 entities, in source file db/alt_u_div_qhe.tdf
    Info (12023): Found entity 1: alt_u_div_qhe File: C:/Users/avikd/OneDrive - Sheffield Hallam University/Desktop/. System on Chips/Lab_SoC/Lab3/Lab_3_1/db/alt_u_div_qhe.tdf Line: 26
Info (12021): Found 1 design units, including 1 entities, in source file db/add_sub_t3c.tdf
    Info (12023): Found entity 1: add_sub_t3c File: C:/Users/avikd/OneDrive - Sheffield Hallam University/Desktop/. System on Chips/Lab_SoC/Lab3/Lab_3_1/db/add_sub_t3c.tdf Line: 22
Info (12021): Found 1 design units, including 1 entities, in source file db/add_sub_u3c.tdf
    Info (12023): Found entity 1: add_sub_u3c File: C:/Users/avikd/OneDrive - Sheffield Hallam University/Desktop/. System on Chips/Lab_SoC/Lab3/Lab_3_1/db/add_sub_u3c.tdf Line: 22
Info (12130): Elaborated megafunction instantiation "lpm_divide:Div0" File: C:/Users/avikd/OneDrive - Sheffield Hallam University/Desktop/. System on Chips/Lab_SoC/Lab3/Lab_3_1/DE10_LITE_top.v Line: 55
Info (12133): Instantiated megafunction "lpm_divide:Div0" with the following parameter: File: C:/Users/avikd/OneDrive - Sheffield Hallam University/Desktop/. System on Chips/Lab_SoC/Lab3/Lab_3_1/DE10_LITE_top.v Line: 55
    Info (12134): Parameter "LPM_WIDTHN" = "10"
    Info (12134): Parameter "LPM_WIDTHD" = "7"
    Info (12134): Parameter "LPM_NREPRESENTATION" = "UNSIGNED"
    Info (12134): Parameter "LPM_DREPRESENTATION" = "UNSIGNED"
Info (12021): Found 1 design units, including 1 entities, in source file db/lpm_divide_ltl.tdf
    Info (12023): Found entity 1: lpm_divide_ltl File: C:/Users/avikd/OneDrive - Sheffield Hallam University/Desktop/. System on Chips/Lab_SoC/Lab3/Lab_3_1/db/lpm_divide_ltl.tdf Line: 24
Info (12021): Found 1 design units, including 1 entities, in source file db/sign_div_unsign_nlh.tdf
    Info (12023): Found entity 1: sign_div_unsign_nlh File: C:/Users/avikd/OneDrive - Sheffield Hallam University/Desktop/. System on Chips/Lab_SoC/Lab3/Lab_3_1/db/sign_div_unsign_nlh.tdf Line: 24
Info (12021): Found 1 design units, including 1 entities, in source file db/alt_u_div_ohe.tdf
    Info (12023): Found entity 1: alt_u_div_ohe File: C:/Users/avikd/OneDrive - Sheffield Hallam University/Desktop/. System on Chips/Lab_SoC/Lab3/Lab_3_1/db/alt_u_div_ohe.tdf Line: 26
Info (12130): Elaborated megafunction instantiation "lpm_mult:Mult0" File: C:/Users/avikd/OneDrive - Sheffield Hallam University/Desktop/. System on Chips/Lab_SoC/Lab3/Lab_3_1/DE10_LITE_top.v Line: 56
Info (12133): Instantiated megafunction "lpm_mult:Mult0" with the following parameter: File: C:/Users/avikd/OneDrive - Sheffield Hallam University/Desktop/. System on Chips/Lab_SoC/Lab3/Lab_3_1/DE10_LITE_top.v Line: 56
    Info (12134): Parameter "LPM_WIDTHA" = "4"
    Info (12134): Parameter "LPM_WIDTHB" = "7"
    Info (12134): Parameter "LPM_WIDTHP" = "11"
    Info (12134): Parameter "LPM_WIDTHR" = "11"
    Info (12134): Parameter "LPM_WIDTHS" = "1"
    Info (12134): Parameter "LPM_REPRESENTATION" = "UNSIGNED"
    Info (12134): Parameter "INPUT_A_IS_CONSTANT" = "NO"
    Info (12134): Parameter "INPUT_B_IS_CONSTANT" = "YES"
    Info (12134): Parameter "MAXIMIZE_SPEED" = "5"
Info (12131): Elaborated megafunction instantiation "lpm_mult:Mult0|multcore:mult_core", which is child of megafunction instantiation "lpm_mult:Mult0" File: c:/intelfpga_lite/18.1/quartus/libraries/megafunctions/lpm_mult.tdf Line: 308
Info (12131): Elaborated megafunction instantiation "lpm_mult:Mult0|multcore:mult_core|mpar_add:padder", which is child of megafunction instantiation "lpm_mult:Mult0" File: c:/intelfpga_lite/18.1/quartus/libraries/megafunctions/multcore.tdf Line: 228
Info (12131): Elaborated megafunction instantiation "lpm_mult:Mult0|altshift:external_latency_ffs", which is child of megafunction instantiation "lpm_mult:Mult0" File: c:/intelfpga_lite/18.1/quartus/libraries/megafunctions/lpm_mult.tdf Line: 351
Warning (13024): Output pins are stuck at VCC or GND
    Warning (13410): Pin "HEX3[0]" is stuck at VCC File: C:/Users/avikd/OneDrive - Sheffield Hallam University/Desktop/. System on Chips/Lab_SoC/Lab3/Lab_3_1/DE10_LITE_top.v Line: 7
    Warning (13410): Pin "HEX3[1]" is stuck at VCC File: C:/Users/avikd/OneDrive - Sheffield Hallam University/Desktop/. System on Chips/Lab_SoC/Lab3/Lab_3_1/DE10_LITE_top.v Line: 7
    Warning (13410): Pin "HEX3[2]" is stuck at VCC File: C:/Users/avikd/OneDrive - Sheffield Hallam University/Desktop/. System on Chips/Lab_SoC/Lab3/Lab_3_1/DE10_LITE_top.v Line: 7
    Warning (13410): Pin "HEX3[3]" is stuck at VCC File: C:/Users/avikd/OneDrive - Sheffield Hallam University/Desktop/. System on Chips/Lab_SoC/Lab3/Lab_3_1/DE10_LITE_top.v Line: 7
    Warning (13410): Pin "HEX3[4]" is stuck at VCC File: C:/Users/avikd/OneDrive - Sheffield Hallam University/Desktop/. System on Chips/Lab_SoC/Lab3/Lab_3_1/DE10_LITE_top.v Line: 7
    Warning (13410): Pin "HEX3[5]" is stuck at VCC File: C:/Users/avikd/OneDrive - Sheffield Hallam University/Desktop/. System on Chips/Lab_SoC/Lab3/Lab_3_1/DE10_LITE_top.v Line: 7
    Warning (13410): Pin "HEX3[6]" is stuck at VCC File: C:/Users/avikd/OneDrive - Sheffield Hallam University/Desktop/. System on Chips/Lab_SoC/Lab3/Lab_3_1/DE10_LITE_top.v Line: 7
    Warning (13410): Pin "HEX3[7]" is stuck at VCC File: C:/Users/avikd/OneDrive - Sheffield Hallam University/Desktop/. System on Chips/Lab_SoC/Lab3/Lab_3_1/DE10_LITE_top.v Line: 7
    Warning (13410): Pin "HEX4[0]" is stuck at VCC File: C:/Users/avikd/OneDrive - Sheffield Hallam University/Desktop/. System on Chips/Lab_SoC/Lab3/Lab_3_1/DE10_LITE_top.v Line: 7
    Warning (13410): Pin "HEX4[1]" is stuck at VCC File: C:/Users/avikd/OneDrive - Sheffield Hallam University/Desktop/. System on Chips/Lab_SoC/Lab3/Lab_3_1/DE10_LITE_top.v Line: 7
    Warning (13410): Pin "HEX4[2]" is stuck at VCC File: C:/Users/avikd/OneDrive - Sheffield Hallam University/Desktop/. System on Chips/Lab_SoC/Lab3/Lab_3_1/DE10_LITE_top.v Line: 7
    Warning (13410): Pin "HEX4[3]" is stuck at VCC File: C:/Users/avikd/OneDrive - Sheffield Hallam University/Desktop/. System on Chips/Lab_SoC/Lab3/Lab_3_1/DE10_LITE_top.v Line: 7
    Warning (13410): Pin "HEX4[4]" is stuck at VCC File: C:/Users/avikd/OneDrive - Sheffield Hallam University/Desktop/. System on Chips/Lab_SoC/Lab3/Lab_3_1/DE10_LITE_top.v Line: 7
    Warning (13410): Pin "HEX4[5]" is stuck at VCC File: C:/Users/avikd/OneDrive - Sheffield Hallam University/Desktop/. System on Chips/Lab_SoC/Lab3/Lab_3_1/DE10_LITE_top.v Line: 7
    Warning (13410): Pin "HEX4[6]" is stuck at VCC File: C:/Users/avikd/OneDrive - Sheffield Hallam University/Desktop/. System on Chips/Lab_SoC/Lab3/Lab_3_1/DE10_LITE_top.v Line: 7
    Warning (13410): Pin "HEX4[7]" is stuck at VCC File: C:/Users/avikd/OneDrive - Sheffield Hallam University/Desktop/. System on Chips/Lab_SoC/Lab3/Lab_3_1/DE10_LITE_top.v Line: 7
    Warning (13410): Pin "HEX5[0]" is stuck at VCC File: C:/Users/avikd/OneDrive - Sheffield Hallam University/Desktop/. System on Chips/Lab_SoC/Lab3/Lab_3_1/DE10_LITE_top.v Line: 7
    Warning (13410): Pin "HEX5[1]" is stuck at VCC File: C:/Users/avikd/OneDrive - Sheffield Hallam University/Desktop/. System on Chips/Lab_SoC/Lab3/Lab_3_1/DE10_LITE_top.v Line: 7
    Warning (13410): Pin "HEX5[2]" is stuck at VCC File: C:/Users/avikd/OneDrive - Sheffield Hallam University/Desktop/. System on Chips/Lab_SoC/Lab3/Lab_3_1/DE10_LITE_top.v Line: 7
    Warning (13410): Pin "HEX5[3]" is stuck at VCC File: C:/Users/avikd/OneDrive - Sheffield Hallam University/Desktop/. System on Chips/Lab_SoC/Lab3/Lab_3_1/DE10_LITE_top.v Line: 7
    Warning (13410): Pin "HEX5[4]" is stuck at VCC File: C:/Users/avikd/OneDrive - Sheffield Hallam University/Desktop/. System on Chips/Lab_SoC/Lab3/Lab_3_1/DE10_LITE_top.v Line: 7
    Warning (13410): Pin "HEX5[5]" is stuck at VCC File: C:/Users/avikd/OneDrive - Sheffield Hallam University/Desktop/. System on Chips/Lab_SoC/Lab3/Lab_3_1/DE10_LITE_top.v Line: 7
    Warning (13410): Pin "HEX5[6]" is stuck at VCC File: C:/Users/avikd/OneDrive - Sheffield Hallam University/Desktop/. System on Chips/Lab_SoC/Lab3/Lab_3_1/DE10_LITE_top.v Line: 7
    Warning (13410): Pin "HEX5[7]" is stuck at VCC File: C:/Users/avikd/OneDrive - Sheffield Hallam University/Desktop/. System on Chips/Lab_SoC/Lab3/Lab_3_1/DE10_LITE_top.v Line: 7
Info (286030): Timing-Driven Synthesis is running
Info (16010): Generating hard_block partition "hard_block:auto_generated_inst"
    Info (16011): Adding 0 node(s), including 0 DDIO, 0 PLL, 0 transceiver and 0 LCELL
Warning (21074): Design contains 5 input pin(s) that do not drive logic
    Warning (15610): No output dependent on input pin "ADC_CLK_10" File: C:/Users/avikd/OneDrive - Sheffield Hallam University/Desktop/. System on Chips/Lab_SoC/Lab3/Lab_3_1/DE10_LITE_top.v Line: 6
    Warning (15610): No output dependent on input pin "MAX10_CLK1_50" File: C:/Users/avikd/OneDrive - Sheffield Hallam University/Desktop/. System on Chips/Lab_SoC/Lab3/Lab_3_1/DE10_LITE_top.v Line: 6
    Warning (15610): No output dependent on input pin "MAX10_CLK2_50" File: C:/Users/avikd/OneDrive - Sheffield Hallam University/Desktop/. System on Chips/Lab_SoC/Lab3/Lab_3_1/DE10_LITE_top.v Line: 6
    Warning (15610): No output dependent on input pin "KEY[0]" File: C:/Users/avikd/OneDrive - Sheffield Hallam University/Desktop/. System on Chips/Lab_SoC/Lab3/Lab_3_1/DE10_LITE_top.v Line: 8
    Warning (15610): No output dependent on input pin "KEY[1]" File: C:/Users/avikd/OneDrive - Sheffield Hallam University/Desktop/. System on Chips/Lab_SoC/Lab3/Lab_3_1/DE10_LITE_top.v Line: 8
Info (21057): Implemented 297 device resources after synthesis - the final resource count might be different
    Info (21058): Implemented 15 input pins
    Info (21059): Implemented 58 output pins
    Info (21061): Implemented 224 logic cells
Info: Quartus Prime Analysis & Synthesis was successful. 0 errors, 36 warnings
    Info: Peak virtual memory: 4795 megabytes
    Info: Processing ended: Sat Dec 16 21:31:41 2023
    Info: Elapsed time: 00:00:09
    Info: Total CPU time (on all processors): 00:00:09


